2022-06-03 00:47:06.573  INFO 9496 --- [restartedMain] b.c.l.c.CadpessoasLeandroApplication     : Starting CadpessoasLeandroApplication using Java 11.0.15 on DESKTOP-UPCDEDI with PID 9496 (C:\Users\Micro\Documents\GitHub\u1_exercicio3\cadpessoas_leandro\target\classes started by Micro in C:\Users\Micro\Documents\GitHub)
2022-06-03 00:47:06.575  INFO 9496 --- [restartedMain] b.c.l.c.CadpessoasLeandroApplication     : No active profile set, falling back to 1 default profile: "default"
2022-06-03 00:47:06.790  INFO 9496 --- [restartedMain] .e.DevToolsPropertyDefaultsPostProcessor : Devtools property defaults active! Set 'spring.devtools.add-properties' to 'false' to disable
2022-06-03 00:47:06.792  INFO 9496 --- [restartedMain] .e.DevToolsPropertyDefaultsPostProcessor : For additional web related logging consider setting the 'logging.level.web' property to 'DEBUG'
2022-06-03 00:47:08.824  INFO 9496 --- [restartedMain] .s.d.r.c.RepositoryConfigurationDelegate : Bootstrapping Spring Data JPA repositories in DEFAULT mode.
2022-06-03 00:47:08.925  INFO 9496 --- [restartedMain] .s.d.r.c.RepositoryConfigurationDelegate : Finished Spring Data repository scanning in 69 ms. Found 1 JPA repository interfaces.
2022-06-03 00:47:10.711  INFO 9496 --- [restartedMain] o.s.b.w.embedded.tomcat.TomcatWebServer  : Tomcat initialized with port(s): 8080 (http)
2022-06-03 00:47:10.765  INFO 9496 --- [restartedMain] o.apache.catalina.core.StandardService   : Starting service [Tomcat]
2022-06-03 00:47:10.766  INFO 9496 --- [restartedMain] org.apache.catalina.core.StandardEngine  : Starting Servlet engine: [Apache Tomcat/9.0.58]
2022-06-03 00:47:10.910  INFO 9496 --- [restartedMain] o.a.c.c.C.[Tomcat].[localhost].[/]       : Initializing Spring embedded WebApplicationContext
2022-06-03 00:47:10.910  INFO 9496 --- [restartedMain] w.s.c.ServletWebServerApplicationContext : Root WebApplicationContext: initialization completed in 4117 ms
2022-06-03 00:47:10.974  INFO 9496 --- [restartedMain] com.zaxxer.hikari.HikariDataSource       : HikariPool-1 - Starting...
2022-06-03 00:47:11.240  INFO 9496 --- [restartedMain] com.zaxxer.hikari.HikariDataSource       : HikariPool-1 - Start completed.
2022-06-03 00:47:11.260  INFO 9496 --- [restartedMain] o.s.b.a.h2.H2ConsoleAutoConfiguration    : H2 console available at '/h2-console'. Database available at 'jdbc:h2:mem:cadpessoas'
2022-06-03 00:47:13.360  INFO 9496 --- [restartedMain] j.LocalContainerEntityManagerFactoryBean : Initialized JPA EntityManagerFactory for persistence unit 'default'
2022-06-03 00:47:14.300  INFO 9496 --- [restartedMain] o.s.b.a.w.s.WelcomePageHandlerMapping    : Adding welcome page template: index
2022-06-03 00:47:14.605  INFO 9496 --- [restartedMain] o.s.b.d.a.OptionalLiveReloadServer       : LiveReload server is running on port 35729
2022-06-03 00:47:14.692  INFO 9496 --- [restartedMain] o.s.b.w.embedded.tomcat.TomcatWebServer  : Tomcat started on port(s): 8080 (http) with context path ''
2022-06-03 00:47:14.704  INFO 9496 --- [restartedMain] b.c.l.c.CadpessoasLeandroApplication     : Started CadpessoasLeandroApplication in 9.203 seconds (JVM running for 10.422)
2022-06-03 00:47:14.942  INFO 9496 --- [http-nio-8080-exec-1] o.a.c.c.C.[Tomcat].[localhost].[/]       : Initializing Spring DispatcherServlet 'dispatcherServlet'
2022-06-03 00:47:14.944  INFO 9496 --- [http-nio-8080-exec-1] o.s.web.servlet.DispatcherServlet        : Initializing Servlet 'dispatcherServlet'
2022-06-03 00:47:14.946  INFO 9496 --- [http-nio-8080-exec-1] o.s.web.servlet.DispatcherServlet        : Completed initialization in 1 ms
