2022-06-03 00:42:16.123  WARN 8484 --- [http-nio-8080-exec-4] .w.s.m.s.DefaultHandlerExceptionResolver : Resolved [org.springframework.web.method.annotation.MethodArgumentTypeMismatchException: Failed to convert value of type 'java.lang.String' to required type 'long'; nested exception is java.lang.NumberFormatException: For input string: "{codigoCliente}"]
2022-06-03 00:42:19.925  WARN 8484 --- [http-nio-8080-exec-6] .w.s.m.s.DefaultHandlerExceptionResolver : Resolved [org.springframework.web.method.annotation.MethodArgumentTypeMismatchException: Failed to convert value of type 'java.lang.String' to required type 'long'; nested exception is java.lang.NumberFormatException: For input string: "{codigoCliente}"]
2022-06-03 00:45:44.384  WARN 8484 --- [http-nio-8080-exec-4] .w.s.m.s.DefaultHandlerExceptionResolver : Resolved [org.springframework.web.method.annotation.MethodArgumentTypeMismatchException: Failed to convert value of type 'java.lang.String' to required type 'long'; nested exception is java.lang.NumberFormatException: For input string: "{codigoCliente}"]
2022-06-03 00:50:59.204  INFO 4536 --- [restartedMain] br.com.slurpuff.SlurpuffShopApplication  : Starting SlurpuffShopApplication using Java 11.0.15 on DESKTOP-UPCDEDI with PID 4536 (C:\Users\Micro\Documents\GitHub\slurpuff_shop\slurpuff_shop\target\classes started by Micro in C:\Users\Micro\Documents\GitHub)
2022-06-03 00:50:59.207  INFO 4536 --- [restartedMain] br.com.slurpuff.SlurpuffShopApplication  : No active profile set, falling back to 1 default profile: "default"
2022-06-03 00:50:59.297  INFO 4536 --- [restartedMain] .e.DevToolsPropertyDefaultsPostProcessor : Devtools property defaults active! Set 'spring.devtools.add-properties' to 'false' to disable
2022-06-03 00:50:59.297  INFO 4536 --- [restartedMain] .e.DevToolsPropertyDefaultsPostProcessor : For additional web related logging consider setting the 'logging.level.web' property to 'DEBUG'
2022-06-03 00:51:00.240  INFO 4536 --- [restartedMain] .s.d.r.c.RepositoryConfigurationDelegate : Bootstrapping Spring Data JPA repositories in DEFAULT mode.
2022-06-03 00:51:00.337  INFO 4536 --- [restartedMain] .s.d.r.c.RepositoryConfigurationDelegate : Finished Spring Data repository scanning in 71 ms. Found 1 JPA repository interfaces.
2022-06-03 00:51:01.411  INFO 4536 --- [restartedMain] o.s.b.w.embedded.tomcat.TomcatWebServer  : Tomcat initialized with port(s): 8080 (http)
2022-06-03 00:51:01.431  INFO 4536 --- [restartedMain] o.apache.catalina.core.StandardService   : Starting service [Tomcat]
2022-06-03 00:51:01.432  INFO 4536 --- [restartedMain] org.apache.catalina.core.StandardEngine  : Starting Servlet engine: [Apache Tomcat/9.0.60]
2022-06-03 00:51:01.593  INFO 4536 --- [restartedMain] o.a.c.c.C.[Tomcat].[localhost].[/]       : Initializing Spring embedded WebApplicationContext
2022-06-03 00:51:01.593  INFO 4536 --- [restartedMain] w.s.c.ServletWebServerApplicationContext : Root WebApplicationContext: initialization completed in 2295 ms
2022-06-03 00:51:01.668  INFO 4536 --- [restartedMain] com.zaxxer.hikari.HikariDataSource       : HikariPool-1 - Starting...
2022-06-03 00:51:01.992  INFO 4536 --- [restartedMain] com.zaxxer.hikari.HikariDataSource       : HikariPool-1 - Start completed.
2022-06-03 00:51:02.010  INFO 4536 --- [restartedMain] o.s.b.a.h2.H2ConsoleAutoConfiguration    : H2 console available at '/h2-console'. Database available at 'jdbc:h2:mem:slurpuff'
2022-06-03 00:51:03.590  INFO 4536 --- [restartedMain] j.LocalContainerEntityManagerFactoryBean : Initialized JPA EntityManagerFactory for persistence unit 'default'
2022-06-03 00:51:04.333  INFO 4536 --- [restartedMain] o.s.b.a.w.s.WelcomePageHandlerMapping    : Adding welcome page template: index
2022-06-03 00:51:04.597  INFO 4536 --- [restartedMain] o.s.b.d.a.OptionalLiveReloadServer       : LiveReload server is running on port 35729
2022-06-03 00:51:04.638  INFO 4536 --- [restartedMain] o.s.b.w.embedded.tomcat.TomcatWebServer  : Tomcat started on port(s): 8080 (http) with context path ''
2022-06-03 00:51:04.655  INFO 4536 --- [restartedMain] br.com.slurpuff.SlurpuffShopApplication  : Started SlurpuffShopApplication in 6.034 seconds (JVM running for 6.813)
2022-06-03 00:51:18.160  INFO 4536 --- [http-nio-8080-exec-1] o.a.c.c.C.[Tomcat].[localhost].[/]       : Initializing Spring DispatcherServlet 'dispatcherServlet'
2022-06-03 00:51:18.164  INFO 4536 --- [http-nio-8080-exec-1] o.s.web.servlet.DispatcherServlet        : Initializing Servlet 'dispatcherServlet'
2022-06-03 00:51:18.174  INFO 4536 --- [http-nio-8080-exec-1] o.s.web.servlet.DispatcherServlet        : Completed initialization in 9 ms
2022-06-03 00:51:40.240  WARN 4536 --- [http-nio-8080-exec-1] .w.s.m.s.DefaultHandlerExceptionResolver : Resolved [org.springframework.web.method.annotation.MethodArgumentTypeMismatchException: Failed to convert value of type 'java.lang.String' to required type 'long'; nested exception is java.lang.NumberFormatException: For input string: "{codigoCliente}"]
2022-06-03 00:51:59.441  WARN 4536 --- [http-nio-8080-exec-4] .w.s.m.s.DefaultHandlerExceptionResolver : Resolved [org.springframework.web.method.annotation.MethodArgumentTypeMismatchException: Failed to convert value of type 'java.lang.String' to required type 'long'; nested exception is java.lang.NumberFormatException: For input string: "{codigoCliente}"]
2022-06-03 00:52:03.066  WARN 4536 --- [http-nio-8080-exec-6] .w.s.m.s.DefaultHandlerExceptionResolver : Resolved [org.springframework.web.method.annotation.MethodArgumentTypeMismatchException: Failed to convert value of type 'java.lang.String' to required type 'long'; nested exception is java.lang.NumberFormatException: For input string: "{codigoCliente}"]
2022-06-03 00:52:08.655  WARN 4536 --- [http-nio-8080-exec-8] .w.s.m.s.DefaultHandlerExceptionResolver : Resolved [org.springframework.web.method.annotation.MethodArgumentTypeMismatchException: Failed to convert value of type 'java.lang.String' to required type 'long'; nested exception is java.lang.NumberFormatException: For input string: "{codigoCliente}"]
2022-06-03 00:57:35.159  WARN 4536 --- [http-nio-8080-exec-2] .w.s.m.s.DefaultHandlerExceptionResolver : Resolved [org.springframework.web.method.annotation.MethodArgumentTypeMismatchException: Failed to convert value of type 'java.lang.String' to required type 'long'; nested exception is java.lang.NumberFormatException: For input string: "{codigoCliente}"]
2022-06-03 00:57:43.010  WARN 4536 --- [http-nio-8080-exec-4] .w.s.m.s.DefaultHandlerExceptionResolver : Resolved [org.springframework.web.method.annotation.MethodArgumentTypeMismatchException: Failed to convert value of type 'java.lang.String' to required type 'long'; nested exception is java.lang.NumberFormatException: For input string: "{codigoCliente}"]
2022-06-03 00:59:14.090  WARN 4536 --- [http-nio-8080-exec-8] .w.s.m.s.DefaultHandlerExceptionResolver : Resolved [org.springframework.web.method.annotation.MethodArgumentTypeMismatchException: Failed to convert value of type 'java.lang.String' to required type 'long'; nested exception is java.lang.NumberFormatException: For input string: "{codigoCliente}"]
2022-06-03 01:00:54.451  INFO 4536 --- [Thread-6] j.LocalContainerEntityManagerFactoryBean : Closing JPA EntityManagerFactory for persistence unit 'default'
2022-06-03 01:00:54.670  WARN 4536 --- [Thread-6] o.s.b.f.support.DisposableBeanAdapter    : Invocation of destroy method failed on bean with name 'inMemoryDatabaseShutdownExecutor': org.h2.jdbc.JdbcSQLNonTransientConnectionException: Database is already closed (to disable automatic closing at VM shutdown, add ";DB_CLOSE_ON_EXIT=FALSE" to the db URL) [90121-200]
2022-06-03 01:00:54.671  INFO 4536 --- [Thread-6] com.zaxxer.hikari.HikariDataSource       : HikariPool-1 - Shutdown initiated...
2022-06-03 01:00:54.687  INFO 4536 --- [Thread-6] com.zaxxer.hikari.HikariDataSource       : HikariPool-1 - Shutdown completed.
2022-06-03 01:00:54.812  INFO 4536 --- [restartedMain] br.com.slurpuff.SlurpuffShopApplication  : Starting SlurpuffShopApplication using Java 11.0.15 on DESKTOP-UPCDEDI with PID 4536 (C:\Users\Micro\Documents\GitHub\slurpuff_shop\slurpuff_shop\target\classes started by Micro in C:\Users\Micro\Documents\GitHub)
2022-06-03 01:00:54.812  INFO 4536 --- [restartedMain] br.com.slurpuff.SlurpuffShopApplication  : No active profile set, falling back to 1 default profile: "default"
2022-06-03 01:00:55.210  INFO 4536 --- [restartedMain] .s.d.r.c.RepositoryConfigurationDelegate : Bootstrapping Spring Data JPA repositories in DEFAULT mode.
2022-06-03 01:00:55.228  INFO 4536 --- [restartedMain] .s.d.r.c.RepositoryConfigurationDelegate : Finished Spring Data repository scanning in 13 ms. Found 1 JPA repository interfaces.
2022-06-03 01:00:55.363  INFO 4536 --- [restartedMain] o.s.b.w.embedded.tomcat.TomcatWebServer  : Tomcat initialized with port(s): 8080 (http)
2022-06-03 01:00:55.363  INFO 4536 --- [restartedMain] o.apache.catalina.core.StandardService   : Starting service [Tomcat]
2022-06-03 01:00:55.363  INFO 4536 --- [restartedMain] org.apache.catalina.core.StandardEngine  : Starting Servlet engine: [Apache Tomcat/9.0.60]
2022-06-03 01:00:55.408  INFO 4536 --- [restartedMain] o.a.c.c.C.[Tomcat].[localhost].[/]       : Initializing Spring embedded WebApplicationContext
2022-06-03 01:00:55.409  INFO 4536 --- [restartedMain] w.s.c.ServletWebServerApplicationContext : Root WebApplicationContext: initialization completed in 581 ms
2022-06-03 01:00:55.431  INFO 4536 --- [restartedMain] com.zaxxer.hikari.HikariDataSource       : HikariPool-2 - Starting...
2022-06-03 01:00:55.434  INFO 4536 --- [restartedMain] com.zaxxer.hikari.HikariDataSource       : HikariPool-2 - Start completed.
2022-06-03 01:00:55.434  INFO 4536 --- [restartedMain] o.s.b.a.h2.H2ConsoleAutoConfiguration    : H2 console available at '/h2-console'. Database available at 'jdbc:h2:mem:slurpuff'
2022-06-03 01:00:55.551  INFO 4536 --- [restartedMain] j.LocalContainerEntityManagerFactoryBean : Initialized JPA EntityManagerFactory for persistence unit 'default'
2022-06-03 01:00:55.702  INFO 4536 --- [restartedMain] o.s.b.a.w.s.WelcomePageHandlerMapping    : Adding welcome page template: index
2022-06-03 01:00:55.756  INFO 4536 --- [restartedMain] o.s.b.d.a.OptionalLiveReloadServer       : LiveReload server is running on port 35729
2022-06-03 01:00:55.764  INFO 4536 --- [restartedMain] o.s.b.w.embedded.tomcat.TomcatWebServer  : Tomcat started on port(s): 8080 (http) with context path ''
2022-06-03 01:00:55.764  INFO 4536 --- [restartedMain] br.com.slurpuff.SlurpuffShopApplication  : Started SlurpuffShopApplication in 1.007 seconds (JVM running for 597.928)
2022-06-03 01:00:55.764  INFO 4536 --- [restartedMain] .ConditionEvaluationDeltaLoggingListener : Condition evaluation unchanged
2022-06-03 01:01:02.414  INFO 4536 --- [http-nio-8080-exec-1] o.a.c.c.C.[Tomcat].[localhost].[/]       : Initializing Spring DispatcherServlet 'dispatcherServlet'
2022-06-03 01:01:02.415  INFO 4536 --- [http-nio-8080-exec-1] o.s.web.servlet.DispatcherServlet        : Initializing Servlet 'dispatcherServlet'
2022-06-03 01:01:02.416  INFO 4536 --- [http-nio-8080-exec-1] o.s.web.servlet.DispatcherServlet        : Completed initialization in 0 ms
2022-06-03 01:01:05.125  WARN 4536 --- [http-nio-8080-exec-3] .w.s.m.s.DefaultHandlerExceptionResolver : Resolved [org.springframework.web.method.annotation.MethodArgumentTypeMismatchException: Failed to convert value of type 'java.lang.String' to required type 'long'; nested exception is java.lang.NumberFormatException: For input string: "{codigoCliente}"]
2022-06-03 01:01:43.710  WARN 4536 --- [http-nio-8080-exec-4] .w.s.m.s.DefaultHandlerExceptionResolver : Resolved [org.springframework.web.method.annotation.MethodArgumentTypeMismatchException: Failed to convert value of type 'java.lang.String' to required type 'long'; nested exception is java.lang.NumberFormatException: For input string: "{codigoCliente}"]
2022-06-03 01:09:01.008  WARN 4536 --- [http-nio-8080-exec-7] .w.s.m.s.DefaultHandlerExceptionResolver : Resolved [org.springframework.web.method.annotation.MethodArgumentTypeMismatchException: Failed to convert value of type 'java.lang.String' to required type 'long'; nested exception is java.lang.NumberFormatException: For input string: "{codigoCliente}"]
2022-06-03 01:10:27.787  INFO 6552 --- [restartedMain] br.com.slurpuff.SlurpuffShopApplication  : Starting SlurpuffShopApplication using Java 11.0.15 on DESKTOP-UPCDEDI with PID 6552 (C:\Users\Micro\Documents\GitHub\slurpuff_shop\slurpuff_shop\target\classes started by Micro in C:\Users\Micro\Documents\GitHub)
2022-06-03 01:10:27.802  INFO 6552 --- [restartedMain] br.com.slurpuff.SlurpuffShopApplication  : No active profile set, falling back to 1 default profile: "default"
2022-06-03 01:10:27.874  INFO 6552 --- [restartedMain] .e.DevToolsPropertyDefaultsPostProcessor : Devtools property defaults active! Set 'spring.devtools.add-properties' to 'false' to disable
2022-06-03 01:10:27.874  INFO 6552 --- [restartedMain] .e.DevToolsPropertyDefaultsPostProcessor : For additional web related logging consider setting the 'logging.level.web' property to 'DEBUG'
2022-06-03 01:10:28.687  INFO 6552 --- [restartedMain] .s.d.r.c.RepositoryConfigurationDelegate : Bootstrapping Spring Data JPA repositories in DEFAULT mode.
2022-06-03 01:10:28.785  INFO 6552 --- [restartedMain] .s.d.r.c.RepositoryConfigurationDelegate : Finished Spring Data repository scanning in 71 ms. Found 1 JPA repository interfaces.
2022-06-03 01:10:29.805  INFO 6552 --- [restartedMain] o.s.b.w.embedded.tomcat.TomcatWebServer  : Tomcat initialized with port(s): 8080 (http)
2022-06-03 01:10:29.839  INFO 6552 --- [restartedMain] o.apache.catalina.core.StandardService   : Starting service [Tomcat]
2022-06-03 01:10:29.839  INFO 6552 --- [restartedMain] org.apache.catalina.core.StandardEngine  : Starting Servlet engine: [Apache Tomcat/9.0.60]
2022-06-03 01:10:29.988  INFO 6552 --- [restartedMain] o.a.c.c.C.[Tomcat].[localhost].[/]       : Initializing Spring embedded WebApplicationContext
2022-06-03 01:10:29.988  INFO 6552 --- [restartedMain] w.s.c.ServletWebServerApplicationContext : Root WebApplicationContext: initialization completed in 2114 ms
2022-06-03 01:10:30.069  INFO 6552 --- [restartedMain] com.zaxxer.hikari.HikariDataSource       : HikariPool-1 - Starting...
2022-06-03 01:10:30.493  INFO 6552 --- [restartedMain] com.zaxxer.hikari.HikariDataSource       : HikariPool-1 - Start completed.
2022-06-03 01:10:30.532  INFO 6552 --- [restartedMain] o.s.b.a.h2.H2ConsoleAutoConfiguration    : H2 console available at '/h2-console'. Database available at 'jdbc:h2:mem:slurpuff'
2022-06-03 01:10:31.974  INFO 6552 --- [restartedMain] j.LocalContainerEntityManagerFactoryBean : Initialized JPA EntityManagerFactory for persistence unit 'default'
2022-06-03 01:10:32.654  INFO 6552 --- [restartedMain] o.s.b.a.w.s.WelcomePageHandlerMapping    : Adding welcome page template: index
2022-06-03 01:10:32.867  INFO 6552 --- [restartedMain] o.s.b.d.a.OptionalLiveReloadServer       : LiveReload server is running on port 35729
2022-06-03 01:10:32.908  INFO 6552 --- [restartedMain] o.s.b.w.embedded.tomcat.TomcatWebServer  : Tomcat started on port(s): 8080 (http) with context path ''
2022-06-03 01:10:32.926  INFO 6552 --- [restartedMain] br.com.slurpuff.SlurpuffShopApplication  : Started SlurpuffShopApplication in 5.703 seconds (JVM running for 6.319)
