2022-04-29 05:58:41.534  INFO 5720 --- [restartedMain] br.com.slurpuff.SlurpuffShopApplication  : Starting SlurpuffShopApplication using Java 1.8.0_321 on DESKTOP-UPCDEDI with PID 5720 (C:\Users\Micro\Documents\GitHub\slurpuff_shop\slurpuff_shop\target\classes started by Micro in c:\Users\Micro\Documents\GitHub\slurpuff_shop\slurpuff_shop)
2022-04-29 05:58:41.569  INFO 5720 --- [restartedMain] br.com.slurpuff.SlurpuffShopApplication  : No active profile set, falling back to 1 default profile: "default"
2022-04-29 05:58:41.864  INFO 5720 --- [restartedMain] .e.DevToolsPropertyDefaultsPostProcessor : Devtools property defaults active! Set 'spring.devtools.add-properties' to 'false' to disable
2022-04-29 05:58:41.864  INFO 5720 --- [restartedMain] .e.DevToolsPropertyDefaultsPostProcessor : For additional web related logging consider setting the 'logging.level.web' property to 'DEBUG'
2022-04-29 05:58:44.302  INFO 5720 --- [restartedMain] .s.d.r.c.RepositoryConfigurationDelegate : Bootstrapping Spring Data JPA repositories in DEFAULT mode.
2022-04-29 05:58:44.429  INFO 5720 --- [restartedMain] .s.d.r.c.RepositoryConfigurationDelegate : Finished Spring Data repository scanning in 94 ms. Found 1 JPA repository interfaces.
2022-04-29 05:58:47.375  INFO 5720 --- [restartedMain] o.s.b.w.embedded.tomcat.TomcatWebServer  : Tomcat initialized with port(s): 8080 (http)
2022-04-29 05:58:47.437  INFO 5720 --- [restartedMain] o.apache.catalina.core.StandardService   : Starting service [Tomcat]
2022-04-29 05:58:47.438  INFO 5720 --- [restartedMain] org.apache.catalina.core.StandardEngine  : Starting Servlet engine: [Apache Tomcat/9.0.60]
2022-04-29 05:58:47.681  INFO 5720 --- [restartedMain] o.a.c.c.C.[Tomcat].[localhost].[/]       : Initializing Spring embedded WebApplicationContext
2022-04-29 05:58:47.681  INFO 5720 --- [restartedMain] w.s.c.ServletWebServerApplicationContext : Root WebApplicationContext: initialization completed in 5802 ms
2022-04-29 05:58:47.886  INFO 5720 --- [restartedMain] com.zaxxer.hikari.HikariDataSource       : HikariPool-1 - Starting...
2022-04-29 05:58:48.796  INFO 5720 --- [restartedMain] com.zaxxer.hikari.HikariDataSource       : HikariPool-1 - Start completed.
2022-04-29 05:58:48.808  INFO 5720 --- [restartedMain] o.s.b.a.h2.H2ConsoleAutoConfiguration    : H2 console available at '/h2-console'. Database available at 'jdbc:h2:mem:slurpuff'
2022-04-29 05:58:53.039  INFO 5720 --- [restartedMain] j.LocalContainerEntityManagerFactoryBean : Initialized JPA EntityManagerFactory for persistence unit 'default'
2022-04-29 05:58:53.653  INFO 5720 --- [restartedMain] o.s.b.a.w.s.WelcomePageHandlerMapping    : Adding welcome page template: index
2022-04-29 05:58:54.795  INFO 5720 --- [restartedMain] o.s.b.d.a.OptionalLiveReloadServer       : LiveReload server is running on port 35729
2022-04-29 05:58:54.909  INFO 5720 --- [restartedMain] o.s.b.w.embedded.tomcat.TomcatWebServer  : Tomcat started on port(s): 8080 (http) with context path ''
2022-04-29 05:58:54.949  INFO 5720 --- [restartedMain] br.com.slurpuff.SlurpuffShopApplication  : Started SlurpuffShopApplication in 15.491 seconds (JVM running for 19.622)
2022-04-29 05:59:08.068  INFO 5720 --- [http-nio-8080-exec-1] o.a.c.c.C.[Tomcat].[localhost].[/]       : Initializing Spring DispatcherServlet 'dispatcherServlet'
2022-04-29 05:59:08.084  INFO 5720 --- [http-nio-8080-exec-1] o.s.web.servlet.DispatcherServlet        : Initializing Servlet 'dispatcherServlet'
2022-04-29 05:59:08.084  INFO 5720 --- [http-nio-8080-exec-1] o.s.web.servlet.DispatcherServlet        : Completed initialization in 0 ms
